Exporter version: 6.1.1, Blender version: 2.80 (sub 74)
========= Conversion from Blender to Babylon.js =========
	Scene settings used :
		inline textures     :  false
		Material Type       :  PBR
		Positions Precision :  4
		Normals Precision   :  3
		UVs Precision       :  3
		Vert Color Precision:  3
		Mat Weight Precision:  2
		texture directory   :  C:\laragon\www\vue3d\public\3d\
	Python World class constructor completed
	WARNING: No active camera has been assigned, or is not in a currently selected Blender layer
	processing begun of mesh:  sol_et_iles
		processing begun of material:  Material.037
		num positions      :  1762
		num normals        :  1762
		num tangents       :  0
		num uvs            :  3524
		num uvs2           :  0
		num colors         :  0
		num indices        :  2187
	processing begun of mesh:  Grues
		processing begun of material:  Material.037
		registered as also a user of material:  Material.037
		num positions      :  261
		num normals        :  261
		num tangents       :  0
		num uvs            :  522
		num uvs2           :  0
		num colors         :  0
		num indices        :  324
	processing begun of mesh:  buildings
		processing begun of material:  Material.037
		registered as also a user of material:  Material.037
		num positions      :  793
		num normals        :  793
		num tangents       :  0
		num uvs            :  1586
		num uvs2           :  0
		num colors         :  0
		num indices        :  882
	processing begun of mesh:  Cube.1
		processing begun of material:  Material.037
		registered as also a user of material:  Material.037
		num positions      :  447
		num normals        :  447
		num tangents       :  0
		num uvs            :  894
		num uvs2           :  0
		num colors         :  0
		num indices        :  492
	processing begun of mesh:  black_building
		processing begun of material:  Material.037
		registered as also a user of material:  Material.037
		num positions      :  954
		num normals        :  954
		num tangents       :  0
		num uvs            :  1908
		num uvs2           :  0
		num colors         :  0
		num indices        :  1110
	processing begun of mesh:  Cube.2
		processing begun of material:  Material.037
		registered as also a user of material:  Material.037
		num positions      :  734
		num normals        :  734
		num tangents       :  0
		num uvs            :  1468
		num uvs2           :  0
		num colors         :  0
		num indices        :  858
	processing begun of mesh:  entrepot
		processing begun of material:  Material.037
		registered as also a user of material:  Material.037
		num positions      :  494
		num normals        :  494
		num tangents       :  0
		num uvs            :  988
		num uvs2           :  0
		num colors         :  0
		num indices        :  576
	processing begun of mesh:  sapins.1
		processing begun of material:  Material.037
		registered as also a user of material:  Material.037
		num positions      :  52033
		num normals        :  52033
		num tangents       :  0
		num uvs            :  104066
		num uvs2           :  0
		num colors         :  0
		num indices        :  52224
	processing begun of mesh:  port.1
		processing begun of material:  Material.037
		registered as also a user of material:  Material.037
		num positions      :  2172
		num normals        :  2172
		num tangents       :  0
		num uvs            :  4344
		num uvs2           :  0
		num colors         :  0
		num indices        :  3228
========= Writing of JSON file started =========
========= Writing of JSON file completed =========
========= end of processing =========
elapsed time:  0 min, 2.6303 secs
